[debug] [2022-05-02T05:39:22.516Z] ----------------------------------------------------------------------
[debug] [2022-05-02T05:39:22.517Z] Command:       C:\Program Files (x86)\nodejs\node.exe C:\Users\Nayan\AppData\Roaming\npm\node_modules\firebase-tools\lib\bin\firebase.js init
[debug] [2022-05-02T05:39:22.518Z] CLI Version:   10.7.2
[debug] [2022-05-02T05:39:22.518Z] Platform:      win32
[debug] [2022-05-02T05:39:22.518Z] Node Version:  v16.14.2
[debug] [2022-05-02T05:39:22.519Z] Time:          Mon May 02 2022 11:09:22 GMT+0530 (India Standard Time)
[debug] [2022-05-02T05:39:22.519Z] ----------------------------------------------------------------------
[debug] 
[debug] [2022-05-02T05:39:22.582Z] > command requires scopes: ["email","openid","https://www.googleapis.com/auth/cloudplatformprojects.readonly","https://www.googleapis.com/auth/firebase","https://www.googleapis.com/auth/cloud-platform"]
[debug] [2022-05-02T05:39:22.582Z] > authorizing via signed-in user (iamnayan160701@gmail.com)
[info] 
     ######## #### ########  ######## ########     ###     ######  ########
     ##        ##  ##     ## ##       ##     ##  ##   ##  ##       ##
     ######    ##  ########  ######   ########  #########  ######  ######
     ##        ##  ##    ##  ##       ##     ## ##     ##       ## ##
     ##       #### ##     ## ######## ########  ##     ##  ######  ########

You're about to initialize a Firebase project in this directory:

  C:\Users\Nayan\Desktop\-LGMVIP-Web-\todo-list

Before we get started, keep in mind:

  * You are initializing within an existing Firebase project directory

[info] 
=== Project Setup
[info] 
[info] First, let's associate this project directory with a Firebase project.
[info] You can create multiple project aliases by running firebase use --add, 
[info] but for now we'll just set up a default project.
[info] 
[debug] [2022-05-02T05:39:27.802Z] Using project from CLI flag: todo-app16
[debug] [2022-05-02T05:39:27.805Z] >>> [apiv2][query] GET https://firebase.googleapis.com/v1beta1/projects/todo-app16 [none]
[debug] [2022-05-02T05:39:28.262Z] <<< [apiv2][status] GET https://firebase.googleapis.com/v1beta1/projects/todo-app16 200
[debug] [2022-05-02T05:39:28.263Z] <<< [apiv2][body] GET https://firebase.googleapis.com/v1beta1/projects/todo-app16 {"projectId":"todo-app16","projectNumber":"686424201186","displayName":"todo-app16","name":"projects/todo-app16","resources":{"hostingSite":"todo-app16"},"state":"ACTIVE"}
[info] i  Using project todo-app16 (todo-app16) 
[info] 
=== Hosting Setup
[info] 
[info] Your public directory is the folder (relative to your project directory) that
[info] will contain Hosting assets to be uploaded with firebase deploy. If you
[info] have a build process for your assets, use your build's output directory.
[info] 
[debug] [2022-05-02T05:40:10.924Z] >>> [apiv2][query] GET https://www.gstatic.com/firebasejs/releases.json [none]
[debug] [2022-05-02T05:40:11.042Z] <<< [apiv2][status] GET https://www.gstatic.com/firebasejs/releases.json 200
[debug] [2022-05-02T05:40:11.043Z] <<< [apiv2][body] GET https://www.gstatic.com/firebasejs/releases.json {"current":{"version":"9.7.0","browserURL":"https://www.gstatic.com/firebasejs/9.7.0/firebase.js","packageURL":"https://www.gstatic.com/firebasejs/9.7.0/firebase.tgz"},"live":{"version":"9.7","browserURL":"https://www.gstatic.com/firebasejs/live/9.7/firebase.js","packageURL":"https://www.gstatic.com/firebasejs/live/9.7/firebase.tgz"},"components":{"analytics":"https://www.gstatic.com/firebasejs/9.7.0/firebase-analytics.js","app":"https://www.gstatic.com/firebasejs/9.7.0/firebase-app.js","app-check":"https://www.gstatic.com/firebasejs/9.7.0/firebase-app-check.js","auth":"https://www.gstatic.com/firebasejs/9.7.0/firebase-auth.js","auth/cordova":"https://www.gstatic.com/firebasejs/9.7.0/firebase-auth/cordova.js","auth/react-native":"https://www.gstatic.com/firebasejs/9.7.0/firebase-auth/react-native.js","functions":"https://www.gstatic.com/firebasejs/9.7.0/firebase-functions.js","firestore":"https://www.gstatic.com/firebasejs/9.7.0/firebase-firestore.js","firestore/lite":"https://www.gstatic.com/firebasejs/9.7.0/firebase-firestore/lite.js","storage":"https://www.gstatic.com/firebasejs/9.7.0/firebase-storage.js","performance":"https://www.gstatic.com/firebasejs/9.7.0/firebase-performance.js","remote-config":"https://www.gstatic.com/firebasejs/9.7.0/firebase-remote-config.js","messaging":"https://www.gstatic.com/firebasejs/9.7.0/firebase-messaging.js","messaging/sw":"https://www.gstatic.com/firebasejs/9.7.0/firebase-messaging/sw.js","database":"https://www.gstatic.com/firebasejs/9.7.0/firebase-database.js","firestore.memory":"https://www.gstatic.com/firebasejs/9.7.0/firebase-firestore.memory.js"}}
[info] +  Wrote yes/index.html 
[info] 
[info] i  Detected a .git folder at C:\Users\Nayan\Desktop\-LGMVIP-Web- 
[info] i  Authorizing with GitHub to upload your service account to a GitHub repository's secrets store. 
[info] 
[info] Visit this URL on this device to log in:
[info] https://github.com/login/oauth/authorize?client_id=89cf50f02ac6aaed3484&state=802159573&redirect_uri=http%3A%2F%2Flocalhost%3A9005&scope=read%3Auser%20repo%20public_repo
[info] 
[info] Waiting for authentication...
[debug] [2022-05-02T05:40:11.832Z] >>> HTTP REQUEST POST https://github.com/login/oauth/access_token  
 {"client_id":"89cf50f02ac6aaed3484","client_secret":"3330d14abc895d9a74d5f17cd7a00711fa2c5bf0","code":"39e18da51bd86838ea68","redirect_uri":"http://localhost:9005","state":"802159573"}
[debug] [2022-05-02T05:40:12.200Z] <<< HTTP RESPONSE 200 {"server":"GitHub.com","date":"Mon, 02 May 2022 05:40:13 GMT","content-type":"application/json; charset=utf-8","transfer-encoding":"chunked","vary":"X-PJAX, X-PJAX-Container, Accept-Encoding, Accept, X-Requested-With","permissions-policy":"interest-cohort=()","etag":"W/\"07ad055e58164192e426fb573e8a9167\"","cache-control":"max-age=0, private, must-revalidate","strict-transport-security":"max-age=31536000; includeSubdomains; preload","x-frame-options":"deny","x-content-type-options":"nosniff","x-xss-protection":"0","referrer-policy":"origin-when-cross-origin, strict-origin-when-cross-origin","expect-ct":"max-age=2592000, report-uri=\"https://api.github.com/_private/browser/errors\"","content-security-policy":"default-src 'none'; base-uri 'self'; block-all-mixed-content; child-src github.com/assets-cdn/worker/ gist.github.com/assets-cdn/worker/; connect-src 'self' uploads.github.com objects-origin.githubusercontent.com www.githubstatus.com collector.github.com raw.githubusercontent.com api.github.com github-cloud.s3.amazonaws.com github-production-repository-file-5c1aeb.s3.amazonaws.com github-production-upload-manifest-file-7fdce7.s3.amazonaws.com github-production-user-asset-6210df.s3.amazonaws.com cdn.optimizely.com logx.optimizely.com/v1/events translator.github.com *.actions.githubusercontent.com wss://*.actions.githubusercontent.com online.visualstudio.com/api/v1/locations github-production-repository-image-32fea6.s3.amazonaws.com github-production-release-asset-2e65be.s3.amazonaws.com insights.github.com wss://alive.github.com; font-src github.githubassets.com; form-action 'self' github.com gist.github.com objects-origin.githubusercontent.com; frame-ancestors 'none'; frame-src render.githubusercontent.com viewscreen.githubusercontent.com notebooks.githubusercontent.com; img-src 'self' data: github.githubassets.com identicons.github.com github-cloud.s3.amazonaws.com secured-user-images.githubusercontent.com/ *.githubusercontent.com; manifest-src 'self'; media-src github.com user-images.githubusercontent.com/; script-src github.githubassets.com; style-src 'unsafe-inline' github.githubassets.com; worker-src github.com/assets-cdn/worker/ gist.github.com/assets-cdn/worker/","x-github-request-id":"D4A0:2BCB:14F2C0F:1832F6C:626F6EBD"}
[debug] [2022-05-02T05:40:12.211Z] >>> [apiv2][query] GET https://api.github.com/user [none]
[debug] [2022-05-02T05:40:12.595Z] <<< [apiv2][status] GET https://api.github.com/user 200
[debug] [2022-05-02T05:40:12.596Z] <<< [apiv2][body] GET https://api.github.com/user {"login":"nyn167","id":68438707,"node_id":"MDQ6VXNlcjY4NDM4NzA3","avatar_url":"https://avatars.githubusercontent.com/u/68438707?v=4","gravatar_id":"","url":"https://api.github.com/users/nyn167","html_url":"https://github.com/nyn167","followers_url":"https://api.github.com/users/nyn167/followers","following_url":"https://api.github.com/users/nyn167/following{/other_user}","gists_url":"https://api.github.com/users/nyn167/gists{/gist_id}","starred_url":"https://api.github.com/users/nyn167/starred{/owner}{/repo}","subscriptions_url":"https://api.github.com/users/nyn167/subscriptions","organizations_url":"https://api.github.com/users/nyn167/orgs","repos_url":"https://api.github.com/users/nyn167/repos","events_url":"https://api.github.com/users/nyn167/events{/privacy}","received_events_url":"https://api.github.com/users/nyn167/received_events","type":"User","site_admin":false,"name":"Nayankumar Mal","company":null,"blog":"https://myportfolio-49a4a.web.app/","location":null,"email":null,"hireable":null,"bio":null,"twitter_username":null,"public_repos":9,"public_gists":0,"followers":3,"following":5,"created_at":"2020-07-17T16:43:41Z","updated_at":"2022-04-29T07:59:43Z","private_gists":0,"total_private_repos":4,"owned_private_repos":4,"disk_usage":7572,"collaborators":0,"two_factor_authentication":false,"plan":{"name":"pro","space":976562499,"collaborators":0,"private_repos":9999}}
[info] 
[info] +  Success! Logged into GitHub as nyn167 
[info] 
